0	1	M1:SYS_STATUS.voltage_battery	1.116700000000000e+4
0	1	M1:SYS_STATUS.current_battery	8.660000000000000e+2
1630	1	M1:SYS_STATUS.voltage_battery	1.111300000000000e+4
1630	1	M1:SYS_STATUS.current_battery	8.670000000000000e+2
3340	1	M1:SYS_STATUS.voltage_battery	1.109900000000000e+4
3340	1	M1:SYS_STATUS.current_battery	8.710000000000000e+2
4929	1	M1:SYS_STATUS.voltage_battery	1.108800000000000e+4
4929	1	M1:SYS_STATUS.current_battery	8.730000000000000e+2
6539	1	M1:SYS_STATUS.voltage_battery	1.109300000000000e+4
6539	1	M1:SYS_STATUS.current_battery	8.690000000000000e+2
8095	1	M1:SYS_STATUS.voltage_battery	1.110300000000000e+4
8095	1	M1:SYS_STATUS.current_battery	8.600000000000000e+2
9719	1	M1:SYS_STATUS.voltage_battery	1.108400000000000e+4
9719	1	M1:SYS_STATUS.current_battery	8.550000000000000e+2
11346	1	M1:SYS_STATUS.voltage_battery	1.110900000000000e+4
11346	1	M1:SYS_STATUS.current_battery	8.570000000000000e+2
12951	1	M1:SYS_STATUS.voltage_battery	1.109600000000000e+4
12951	1	M1:SYS_STATUS.current_battery	8.650000000000000e+2
14634	1	M1:SYS_STATUS.voltage_battery	1.108600000000000e+4
14634	1	M1:SYS_STATUS.current_battery	8.580000000000000e+2
16181	1	M1:SYS_STATUS.voltage_battery	1.110100000000000e+4
16181	1	M1:SYS_STATUS.current_battery	8.560000000000000e+2
17799	1	M1:SYS_STATUS.voltage_battery	1.109000000000000e+4
17799	1	M1:SYS_STATUS.current_battery	8.570000000000000e+2
19317	1	M1:SYS_STATUS.voltage_battery	1.110300000000000e+4
19317	1	M1:SYS_STATUS.current_battery	8.550000000000000e+2
20932	1	M1:SYS_STATUS.voltage_battery	1.108400000000000e+4
20932	1	M1:SYS_STATUS.current_battery	8.580000000000000e+2
22624	1	M1:SYS_STATUS.voltage_battery	1.109600000000000e+4
22624	1	M1:SYS_STATUS.current_battery	8.630000000000000e+2
24158	1	M1:SYS_STATUS.voltage_battery	1.108700000000000e+4
24158	1	M1:SYS_STATUS.current_battery	8.600000000000000e+2
25774	1	M1:SYS_STATUS.voltage_battery	1.108900000000000e+4
25774	1	M1:SYS_STATUS.current_battery	8.590000000000000e+2
27465	1	M1:SYS_STATUS.voltage_battery	1.110000000000000e+4
27465	1	M1:SYS_STATUS.current_battery	8.680000000000000e+2
29089	1	M1:SYS_STATUS.voltage_battery	1.109300000000000e+4
29089	1	M1:SYS_STATUS.current_battery	8.640000000000000e+2
30632	1	M1:SYS_STATUS.voltage_battery	1.109900000000000e+4
30632	1	M1:SYS_STATUS.current_battery	8.640000000000000e+2
32240	1	M1:SYS_STATUS.voltage_battery	1.109100000000000e+4
32240	1	M1:SYS_STATUS.current_battery	8.630000000000000e+2
33859	1	M1:SYS_STATUS.voltage_battery	1.110000000000000e+4
33859	1	M1:SYS_STATUS.current_battery	8.650000000000000e+2
35477	1	M1:SYS_STATUS.voltage_battery	1.109900000000000e+4
35477	1	M1:SYS_STATUS.current_battery	8.610000000000000e+2
37163	1	M1:SYS_STATUS.voltage_battery	1.110200000000000e+4
37163	1	M1:SYS_STATUS.current_battery	8.640000000000000e+2
38778	1	M1:SYS_STATUS.voltage_battery	1.110900000000000e+4
38778	1	M1:SYS_STATUS.current_battery	8.630000000000000e+2
40327	1	M1:SYS_STATUS.voltage_battery	1.108300000000000e+4
40327	1	M1:SYS_STATUS.current_battery	8.710000000000000e+2
41949	1	M1:SYS_STATUS.voltage_battery	1.109400000000000e+4
41949	1	M1:SYS_STATUS.current_battery	8.630000000000000e+2
43558	1	M1:SYS_STATUS.voltage_battery	1.109700000000000e+4
43558	1	M1:SYS_STATUS.current_battery	8.700000000000000e+2
45135	1	M1:SYS_STATUS.voltage_battery	1.107600000000000e+4
45135	1	M1:SYS_STATUS.current_battery	8.790000000000000e+2
46674	1	M1:SYS_STATUS.voltage_battery	1.109500000000000e+4
46674	1	M1:SYS_STATUS.current_battery	8.810000000000000e+2
48301	1	M1:SYS_STATUS.voltage_battery	1.108800000000000e+4
48301	1	M1:SYS_STATUS.current_battery	8.740000000000000e+2
49925	1	M1:SYS_STATUS.voltage_battery	1.109900000000000e+4
49925	1	M1:SYS_STATUS.current_battery	8.650000000000000e+2
51599	1	M1:SYS_STATUS.voltage_battery	1.109500000000000e+4
51599	1	M1:SYS_STATUS.current_battery	8.640000000000000e+2
53244	1	M1:SYS_STATUS.voltage_battery	1.110400000000000e+4
53244	1	M1:SYS_STATUS.current_battery	8.600000000000000e+2
54838	1	M1:SYS_STATUS.voltage_battery	1.109100000000000e+4
54838	1	M1:SYS_STATUS.current_battery	8.550000000000000e+2
56401	1	M1:SYS_STATUS.voltage_battery	1.110500000000000e+4
56401	1	M1:SYS_STATUS.current_battery	8.620000000000000e+2
58017	1	M1:SYS_STATUS.voltage_battery	1.108700000000000e+4
58017	1	M1:SYS_STATUS.current_battery	8.500000000000000e+2
59636	1	M1:SYS_STATUS.voltage_battery	1.108400000000000e+4
59636	1	M1:SYS_STATUS.current_battery	8.510000000000000e+2
61245	1	M1:SYS_STATUS.voltage_battery	1.109900000000000e+4
61245	1	M1:SYS_STATUS.current_battery	8.550000000000000e+2
62858	1	M1:SYS_STATUS.voltage_battery	1.109000000000000e+4
62858	1	M1:SYS_STATUS.current_battery	8.620000000000000e+2
64480	1	M1:SYS_STATUS.voltage_battery	1.108300000000000e+4
64480	1	M1:SYS_STATUS.current_battery	8.580000000000000e+2
66005	1	M1:SYS_STATUS.voltage_battery	1.108900000000000e+4
66005	1	M1:SYS_STATUS.current_battery	8.560000000000000e+2
67691	1	M1:SYS_STATUS.voltage_battery	1.108400000000000e+4
67691	1	M1:SYS_STATUS.current_battery	8.520000000000000e+2
69341	1	M1:SYS_STATUS.voltage_battery	1.109200000000000e+4
69341	1	M1:SYS_STATUS.current_battery	8.560000000000000e+2
70836	1	M1:SYS_STATUS.voltage_battery	1.107600000000000e+4
70836	1	M1:SYS_STATUS.current_battery	8.590000000000000e+2
72530	1	M1:SYS_STATUS.voltage_battery	1.108100000000000e+4
72530	1	M1:SYS_STATUS.current_battery	8.620000000000000e+2
74154	1	M1:SYS_STATUS.voltage_battery	1.110200000000000e+4
74154	1	M1:SYS_STATUS.current_battery	8.610000000000000e+2
75700	1	M1:SYS_STATUS.voltage_battery	1.108400000000000e+4
75700	1	M1:SYS_STATUS.current_battery	8.650000000000000e+2
77332	1	M1:SYS_STATUS.voltage_battery	1.109200000000000e+4
77332	1	M1:SYS_STATUS.current_battery	8.660000000000000e+2
78924	1	M1:SYS_STATUS.voltage_battery	1.109100000000000e+4
78924	1	M1:SYS_STATUS.current_battery	8.660000000000000e+2
80542	1	M1:SYS_STATUS.voltage_battery	1.107400000000000e+4
80542	1	M1:SYS_STATUS.current_battery	8.610000000000000e+2
82244	1	M1:SYS_STATUS.voltage_battery	1.108700000000000e+4
82244	1	M1:SYS_STATUS.current_battery	8.610000000000000e+2
83844	1	M1:SYS_STATUS.voltage_battery	1.108300000000000e+4
83844	1	M1:SYS_STATUS.current_battery	8.590000000000000e+2
85382	1	M1:SYS_STATUS.voltage_battery	1.107300000000000e+4
85382	1	M1:SYS_STATUS.current_battery	8.650000000000000e+2
87013	1	M1:SYS_STATUS.voltage_battery	1.108600000000000e+4
87013	1	M1:SYS_STATUS.current_battery	8.690000000000000e+2
88628	1	M1:SYS_STATUS.voltage_battery	1.107900000000000e+4
88628	1	M1:SYS_STATUS.current_battery	8.610000000000000e+2
90202	1	M1:SYS_STATUS.voltage_battery	1.108600000000000e+4
90202	1	M1:SYS_STATUS.current_battery	8.790000000000000e+2
91870	1	M1:SYS_STATUS.voltage_battery	1.106400000000000e+4
91870	1	M1:SYS_STATUS.current_battery	8.820000000000000e+2
93354	1	M1:SYS_STATUS.voltage_battery	1.108500000000000e+4
93354	1	M1:SYS_STATUS.current_battery	8.720000000000000e+2
94978	1	M1:SYS_STATUS.voltage_battery	1.108900000000000e+4
94978	1	M1:SYS_STATUS.current_battery	8.620000000000000e+2
96599	1	M1:SYS_STATUS.voltage_battery	1.108900000000000e+4
96599	1	M1:SYS_STATUS.current_battery	8.610000000000000e+2
98221	1	M1:SYS_STATUS.voltage_battery	1.109200000000000e+4
98221	1	M1:SYS_STATUS.current_battery	8.600000000000000e+2
99901	1	M1:SYS_STATUS.voltage_battery	1.107400000000000e+4
99901	1	M1:SYS_STATUS.current_battery	8.640000000000000e+2
101518	1	M1:SYS_STATUS.voltage_battery	1.109600000000000e+4
101518	1	M1:SYS_STATUS.current_battery	8.590000000000000e+2
103147	1	M1:SYS_STATUS.voltage_battery	1.110500000000000e+4
103147	1	M1:SYS_STATUS.current_battery	8.600000000000000e+2
104702	1	M1:SYS_STATUS.voltage_battery	1.110300000000000e+4
104702	1	M1:SYS_STATUS.current_battery	8.600000000000000e+2
106312	1	M1:SYS_STATUS.voltage_battery	1.110200000000000e+4
106312	1	M1:SYS_STATUS.current_battery	8.620000000000000e+2
107923	1	M1:SYS_STATUS.voltage_battery	1.109500000000000e+4
107923	1	M1:SYS_STATUS.current_battery	8.610000000000000e+2
109548	1	M1:SYS_STATUS.voltage_battery	1.110100000000000e+4
109548	1	M1:SYS_STATUS.current_battery	8.540000000000000e+2
111154	1	M1:SYS_STATUS.voltage_battery	1.109300000000000e+4
111154	1	M1:SYS_STATUS.current_battery	8.450000000000000e+2
112724	1	M1:SYS_STATUS.voltage_battery	1.109700000000000e+4
112724	1	M1:SYS_STATUS.current_battery	8.500000000000000e+2
114394	1	M1:SYS_STATUS.voltage_battery	1.110100000000000e+4
114394	1	M1:SYS_STATUS.current_battery	8.480000000000000e+2
115976	1	M1:SYS_STATUS.voltage_battery	1.109600000000000e+4
115976	1	M1:SYS_STATUS.current_battery	8.600000000000000e+2
117520	1	M1:SYS_STATUS.voltage_battery	1.109400000000000e+4
117520	1	M1:SYS_STATUS.current_battery	8.600000000000000e+2
119220	1	M1:SYS_STATUS.voltage_battery	1.108900000000000e+4
119220	1	M1:SYS_STATUS.current_battery	8.490000000000000e+2
120821	1	M1:SYS_STATUS.voltage_battery	1.108800000000000e+4
120821	1	M1:SYS_STATUS.current_battery	8.520000000000000e+2
122379	1	M1:SYS_STATUS.voltage_battery	1.109900000000000e+4
122379	1	M1:SYS_STATUS.current_battery	8.610000000000000e+2
124002	1	M1:SYS_STATUS.voltage_battery	1.108900000000000e+4
124002	1	M1:SYS_STATUS.current_battery	8.610000000000000e+2
125612	1	M1:SYS_STATUS.voltage_battery	1.110000000000000e+4
125612	1	M1:SYS_STATUS.current_battery	8.640000000000000e+2
127314	1	M1:SYS_STATUS.voltage_battery	1.108800000000000e+4
127314	1	M1:SYS_STATUS.current_battery	8.640000000000000e+2
128926	1	M1:SYS_STATUS.voltage_battery	1.110300000000000e+4
128926	1	M1:SYS_STATUS.current_battery	8.650000000000000e+2
130545	1	M1:SYS_STATUS.voltage_battery	1.108400000000000e+4
130545	1	M1:SYS_STATUS.current_battery	8.570000000000000e+2
132090	1	M1:SYS_STATUS.voltage_battery	1.108400000000000e+4
132090	1	M1:SYS_STATUS.current_battery	8.600000000000000e+2
133695	1	M1:SYS_STATUS.voltage_battery	1.108400000000000e+4
133695	1	M1:SYS_STATUS.current_battery	8.560000000000000e+2
135335	1	M1:SYS_STATUS.voltage_battery	1.108800000000000e+4
135335	1	M1:SYS_STATUS.current_battery	8.530000000000000e+2
137018	1	M1:SYS_STATUS.voltage_battery	1.108800000000000e+4
137018	1	M1:SYS_STATUS.current_battery	8.510000000000000e+2
138629	1	M1:SYS_STATUS.voltage_battery	1.109500000000000e+4
138629	1	M1:SYS_STATUS.current_battery	8.500000000000000e+2
140157	1	M1:SYS_STATUS.voltage_battery	1.108900000000000e+4
140157	1	M1:SYS_STATUS.current_battery	8.510000000000000e+2
141758	1	M1:SYS_STATUS.voltage_battery	1.108700000000000e+4
141758	1	M1:SYS_STATUS.current_battery	8.490000000000000e+2
143403	1	M1:SYS_STATUS.voltage_battery	1.108600000000000e+4
143403	1	M1:SYS_STATUS.current_battery	8.470000000000000e+2
144899	1	M1:SYS_STATUS.voltage_battery	1.107500000000000e+4
144899	1	M1:SYS_STATUS.current_battery	8.500000000000000e+2
146511	1	M1:SYS_STATUS.voltage_battery	1.108900000000000e+4
146511	1	M1:SYS_STATUS.current_battery	8.620000000000000e+2
148212	1	M1:SYS_STATUS.voltage_battery	1.110400000000000e+4
148212	1	M1:SYS_STATUS.current_battery	8.660000000000000e+2
149818	1	M1:SYS_STATUS.voltage_battery	1.110000000000000e+4
149818	1	M1:SYS_STATUS.current_battery	8.670000000000000e+2
151385	1	M1:SYS_STATUS.voltage_battery	1.110000000000000e+4
151385	1	M1:SYS_STATUS.current_battery	8.630000000000000e+2
153002	1	M1:SYS_STATUS.voltage_battery	1.109700000000000e+4
153002	1	M1:SYS_STATUS.current_battery	8.620000000000000e+2
154606	1	M1:SYS_STATUS.voltage_battery	1.108800000000000e+4
154606	1	M1:SYS_STATUS.current_battery	8.660000000000000e+2
156229	1	M1:SYS_STATUS.voltage_battery	1.108500000000000e+4
156229	1	M1:SYS_STATUS.current_battery	8.720000000000000e+2
157908	1	M1:SYS_STATUS.voltage_battery	1.109600000000000e+4
157908	1	M1:SYS_STATUS.current_battery	8.660000000000000e+2
159534	1	M1:SYS_STATUS.voltage_battery	1.110300000000000e+4
159534	1	M1:SYS_STATUS.current_battery	8.620000000000000e+2
161078	1	M1:SYS_STATUS.voltage_battery	1.110100000000000e+4
161078	1	M1:SYS_STATUS.current_battery	8.590000000000000e+2
162699	1	M1:SYS_STATUS.voltage_battery	1.109500000000000e+4
162699	1	M1:SYS_STATUS.current_battery	8.550000000000000e+2
164191	1	M1:SYS_STATUS.voltage_battery	1.110100000000000e+4
164191	1	M1:SYS_STATUS.current_battery	8.610000000000000e+2
165899	1	M1:SYS_STATUS.voltage_battery	1.109700000000000e+4
165899	1	M1:SYS_STATUS.current_battery	8.620000000000000e+2
167517	1	M1:SYS_STATUS.voltage_battery	1.109700000000000e+4
167517	1	M1:SYS_STATUS.current_battery	8.600000000000000e+2
169053	1	M1:SYS_STATUS.voltage_battery	1.107200000000000e+4
169053	1	M1:SYS_STATUS.current_battery	8.550000000000000e+2
170673	1	M1:SYS_STATUS.voltage_battery	1.109300000000000e+4
170673	1	M1:SYS_STATUS.current_battery	8.530000000000000e+2
172303	1	M1:SYS_STATUS.voltage_battery	1.110000000000000e+4
172303	1	M1:SYS_STATUS.current_battery	8.630000000000000e+2
173991	1	M1:SYS_STATUS.voltage_battery	1.110000000000000e+4
173991	1	M1:SYS_STATUS.current_battery	8.670000000000000e+2
175592	1	M1:SYS_STATUS.voltage_battery	1.108400000000000e+4
175592	1	M1:SYS_STATUS.current_battery	8.600000000000000e+2
177154	1	M1:SYS_STATUS.voltage_battery	1.109600000000000e+4
177154	1	M1:SYS_STATUS.current_battery	8.610000000000000e+2
178760	1	M1:SYS_STATUS.voltage_battery	1.108500000000000e+4
178760	1	M1:SYS_STATUS.current_battery	8.690000000000000e+2
180381	1	M1:SYS_STATUS.voltage_battery	1.110100000000000e+4
180381	1	M1:SYS_STATUS.current_battery	8.690000000000000e+2
182069	1	M1:SYS_STATUS.voltage_battery	1.107900000000000e+4
182069	1	M1:SYS_STATUS.current_battery	8.610000000000000e+2
183685	1	M1:SYS_STATUS.voltage_battery	1.108400000000000e+4
183685	1	M1:SYS_STATUS.current_battery	8.630000000000000e+2
185231	1	M1:SYS_STATUS.voltage_battery	1.109400000000000e+4
185231	1	M1:SYS_STATUS.current_battery	8.630000000000000e+2
186863	1	M1:SYS_STATUS.voltage_battery	1.110200000000000e+4
186863	1	M1:SYS_STATUS.current_battery	8.660000000000000e+2
188472	1	M1:SYS_STATUS.voltage_battery	1.109500000000000e+4
188472	1	M1:SYS_STATUS.current_battery	8.700000000000000e+2
189948	1	M1:SYS_STATUS.voltage_battery	1.109900000000000e+4
189948	1	M1:SYS_STATUS.current_battery	8.850000000000000e+2
191570	1	M1:SYS_STATUS.voltage_battery	1.110500000000000e+4
191570	1	M1:SYS_STATUS.current_battery	8.790000000000000e+2
193201	1	M1:SYS_STATUS.voltage_battery	1.110000000000000e+4
193201	1	M1:SYS_STATUS.current_battery	8.720000000000000e+2
194827	1	M1:SYS_STATUS.voltage_battery	1.110400000000000e+4
194827	1	M1:SYS_STATUS.current_battery	8.640000000000000e+2
196455	1	M1:SYS_STATUS.voltage_battery	1.110100000000000e+4
196455	1	M1:SYS_STATUS.current_battery	8.740000000000000e+2
198128	1	M1:SYS_STATUS.voltage_battery	1.109900000000000e+4
198128	1	M1:SYS_STATUS.current_battery	8.830000000000000e+2
199684	1	M1:SYS_STATUS.voltage_battery	1.110100000000000e+4
199684	1	M1:SYS_STATUS.current_battery	8.750000000000000e+2
201393	1	M1:SYS_STATUS.voltage_battery	1.108900000000000e+4
201393	1	M1:SYS_STATUS.current_battery	8.740000000000000e+2
202918	1	M1:SYS_STATUS.voltage_battery	1.109600000000000e+4
202918	1	M1:SYS_STATUS.current_battery	8.720000000000000e+2
204602	1	M1:SYS_STATUS.voltage_battery	1.108100000000000e+4
204602	1	M1:SYS_STATUS.current_battery	8.630000000000000e+2
206213	1	M1:SYS_STATUS.voltage_battery	1.108500000000000e+4
206213	1	M1:SYS_STATUS.current_battery	8.690000000000000e+2
207759	1	M1:SYS_STATUS.voltage_battery	1.109400000000000e+4
207759	1	M1:SYS_STATUS.current_battery	8.640000000000000e+2
209313	1	M1:SYS_STATUS.voltage_battery	1.108500000000000e+4
209313	1	M1:SYS_STATUS.current_battery	8.490000000000000e+2
210991	1	M1:SYS_STATUS.voltage_battery	1.109800000000000e+4
210991	1	M1:SYS_STATUS.current_battery	8.560000000000000e+2
212560	1	M1:SYS_STATUS.voltage_battery	1.109400000000000e+4
212560	1	M1:SYS_STATUS.current_battery	8.580000000000000e+2
214112	1	M1:SYS_STATUS.voltage_battery	1.110400000000000e+4
214112	1	M1:SYS_STATUS.current_battery	8.640000000000000e+2
215815	1	M1:SYS_STATUS.voltage_battery	1.109200000000000e+4
215815	1	M1:SYS_STATUS.current_battery	8.610000000000000e+2
217381	1	M1:SYS_STATUS.voltage_battery	1.111000000000000e+4
217381	1	M1:SYS_STATUS.current_battery	8.590000000000000e+2
219055	1	M1:SYS_STATUS.voltage_battery	1.111100000000000e+4
219055	1	M1:SYS_STATUS.current_battery	8.670000000000000e+2
220658	1	M1:SYS_STATUS.voltage_battery	1.109100000000000e+4
220658	1	M1:SYS_STATUS.current_battery	8.600000000000000e+2
222290	1	M1:SYS_STATUS.voltage_battery	1.109500000000000e+4
222290	1	M1:SYS_STATUS.current_battery	8.590000000000000e+2
223826	1	M1:SYS_STATUS.voltage_battery	1.108600000000000e+4
223826	1	M1:SYS_STATUS.current_battery	8.580000000000000e+2
225458	1	M1:SYS_STATUS.voltage_battery	1.110100000000000e+4
225458	1	M1:SYS_STATUS.current_battery	8.650000000000000e+2
