0	1	M1:SYS_STATUS.voltage_battery	1.154100000000000e+4
0	1	M1:SYS_STATUS.current_battery	0.000000000000000e+0
1611	1	M1:SYS_STATUS.voltage_battery	1.150500000000000e+4
1611	1	M1:SYS_STATUS.current_battery	0.000000000000000e+0
3232	1	M1:SYS_STATUS.voltage_battery	1.150000000000000e+4
3232	1	M1:SYS_STATUS.current_battery	0.000000000000000e+0
4743	1	M1:SYS_STATUS.voltage_battery	1.148800000000000e+4
4743	1	M1:SYS_STATUS.current_battery	0.000000000000000e+0
6352	1	M1:SYS_STATUS.voltage_battery	1.148200000000000e+4
6352	1	M1:SYS_STATUS.current_battery	0.000000000000000e+0
7965	1	M1:SYS_STATUS.voltage_battery	1.143800000000000e+4
7965	1	M1:SYS_STATUS.current_battery	6.010000000000000e+2
9600	1	M1:SYS_STATUS.voltage_battery	1.126100000000000e+4
9600	1	M1:SYS_STATUS.current_battery	9.180000000000000e+2
11190	1	M1:SYS_STATUS.voltage_battery	1.130600000000000e+4
11190	1	M1:SYS_STATUS.current_battery	9.500000000000000e+2
12814	1	M1:SYS_STATUS.voltage_battery	1.133100000000000e+4
12814	1	M1:SYS_STATUS.current_battery	9.600000000000000e+2
14446	1	M1:SYS_STATUS.voltage_battery	1.129400000000000e+4
14446	1	M1:SYS_STATUS.current_battery	9.570000000000000e+2
16089	1	M1:SYS_STATUS.voltage_battery	1.131700000000000e+4
16089	1	M1:SYS_STATUS.current_battery	9.700000000000000e+2
17679	1	M1:SYS_STATUS.voltage_battery	1.129000000000000e+4
17679	1	M1:SYS_STATUS.current_battery	9.520000000000000e+2
19303	1	M1:SYS_STATUS.voltage_battery	1.131500000000000e+4
19303	1	M1:SYS_STATUS.current_battery	9.590000000000000e+2
20924	1	M1:SYS_STATUS.voltage_battery	1.133100000000000e+4
20924	1	M1:SYS_STATUS.current_battery	9.840000000000000e+2
22537	1	M1:SYS_STATUS.voltage_battery	1.132500000000000e+4
22537	1	M1:SYS_STATUS.current_battery	9.650000000000000e+2
24156	1	M1:SYS_STATUS.voltage_battery	1.131400000000000e+4
24156	1	M1:SYS_STATUS.current_battery	9.600000000000000e+2
25783	1	M1:SYS_STATUS.voltage_battery	1.132800000000000e+4
25783	1	M1:SYS_STATUS.current_battery	9.660000000000000e+2
27393	1	M1:SYS_STATUS.voltage_battery	1.133200000000000e+4
27393	1	M1:SYS_STATUS.current_battery	9.410000000000000e+2
28995	1	M1:SYS_STATUS.voltage_battery	1.130300000000000e+4
28995	1	M1:SYS_STATUS.current_battery	9.390000000000000e+2
30614	1	M1:SYS_STATUS.voltage_battery	1.131800000000000e+4
30614	1	M1:SYS_STATUS.current_battery	9.630000000000000e+2
32111	1	M1:SYS_STATUS.voltage_battery	1.131300000000000e+4
32111	1	M1:SYS_STATUS.current_battery	9.570000000000000e+2
33782	1	M1:SYS_STATUS.voltage_battery	1.123600000000000e+4
33782	1	M1:SYS_STATUS.current_battery	9.340000000000000e+2
35348	1	M1:SYS_STATUS.voltage_battery	1.125600000000000e+4
35348	1	M1:SYS_STATUS.current_battery	9.450000000000000e+2
36973	1	M1:SYS_STATUS.voltage_battery	1.131000000000000e+4
36973	1	M1:SYS_STATUS.current_battery	9.400000000000000e+2
38586	1	M1:SYS_STATUS.voltage_battery	1.128900000000000e+4
38586	1	M1:SYS_STATUS.current_battery	9.320000000000000e+2
40216	1	M1:SYS_STATUS.voltage_battery	1.132000000000000e+4
40216	1	M1:SYS_STATUS.current_battery	9.440000000000000e+2
41845	1	M1:SYS_STATUS.voltage_battery	1.131400000000000e+4
41845	1	M1:SYS_STATUS.current_battery	9.400000000000000e+2
43451	1	M1:SYS_STATUS.voltage_battery	1.132200000000000e+4
43451	1	M1:SYS_STATUS.current_battery	9.440000000000000e+2
45072	1	M1:SYS_STATUS.voltage_battery	1.132100000000000e+4
45072	1	M1:SYS_STATUS.current_battery	9.430000000000000e+2
46685	1	M1:SYS_STATUS.voltage_battery	1.131500000000000e+4
46685	1	M1:SYS_STATUS.current_battery	9.530000000000000e+2
48308	1	M1:SYS_STATUS.voltage_battery	1.131600000000000e+4
48308	1	M1:SYS_STATUS.current_battery	9.480000000000000e+2
49917	1	M1:SYS_STATUS.voltage_battery	1.124200000000000e+4
49917	1	M1:SYS_STATUS.current_battery	9.330000000000000e+2
51533	1	M1:SYS_STATUS.voltage_battery	1.130200000000000e+4
51533	1	M1:SYS_STATUS.current_battery	9.540000000000000e+2
53048	1	M1:SYS_STATUS.voltage_battery	1.131900000000000e+4
53048	1	M1:SYS_STATUS.current_battery	9.520000000000000e+2
54777	1	M1:SYS_STATUS.voltage_battery	1.131800000000000e+4
54777	1	M1:SYS_STATUS.current_battery	9.540000000000000e+2
56269	1	M1:SYS_STATUS.voltage_battery	1.131800000000000e+4
56269	1	M1:SYS_STATUS.current_battery	9.580000000000000e+2
57880	1	M1:SYS_STATUS.voltage_battery	1.132600000000000e+4
57880	1	M1:SYS_STATUS.current_battery	9.460000000000000e+2
59510	1	M1:SYS_STATUS.voltage_battery	1.127900000000000e+4
59510	1	M1:SYS_STATUS.current_battery	9.360000000000000e+2
61152	1	M1:SYS_STATUS.voltage_battery	1.132400000000000e+4
61152	1	M1:SYS_STATUS.current_battery	9.520000000000000e+2
62750	1	M1:SYS_STATUS.voltage_battery	1.130700000000000e+4
62750	1	M1:SYS_STATUS.current_battery	9.410000000000000e+2
64367	1	M1:SYS_STATUS.voltage_battery	1.131600000000000e+4
64367	1	M1:SYS_STATUS.current_battery	9.630000000000000e+2
65989	1	M1:SYS_STATUS.voltage_battery	1.129000000000000e+4
65989	1	M1:SYS_STATUS.current_battery	9.500000000000000e+2
67606	1	M1:SYS_STATUS.voltage_battery	1.131600000000000e+4
67606	1	M1:SYS_STATUS.current_battery	9.410000000000000e+2
69219	1	M1:SYS_STATUS.voltage_battery	1.132500000000000e+4
69219	1	M1:SYS_STATUS.current_battery	9.390000000000000e+2
70871	1	M1:SYS_STATUS.voltage_battery	1.132100000000000e+4
70871	1	M1:SYS_STATUS.current_battery	9.470000000000000e+2
72459	1	M1:SYS_STATUS.voltage_battery	1.133900000000000e+4
72459	1	M1:SYS_STATUS.current_battery	9.410000000000000e+2
74098	1	M1:SYS_STATUS.voltage_battery	1.129300000000000e+4
74098	1	M1:SYS_STATUS.current_battery	9.490000000000000e+2
75678	1	M1:SYS_STATUS.voltage_battery	1.130500000000000e+4
75678	1	M1:SYS_STATUS.current_battery	9.500000000000000e+2
77309	1	M1:SYS_STATUS.voltage_battery	1.130600000000000e+4
77309	1	M1:SYS_STATUS.current_battery	9.520000000000000e+2
78808	1	M1:SYS_STATUS.voltage_battery	1.122900000000000e+4
78808	1	M1:SYS_STATUS.current_battery	9.640000000000000e+2
80414	1	M1:SYS_STATUS.voltage_battery	1.127000000000000e+4
80414	1	M1:SYS_STATUS.current_battery	9.640000000000000e+2
82035	1	M1:SYS_STATUS.voltage_battery	1.131300000000000e+4
82035	1	M1:SYS_STATUS.current_battery	9.550000000000000e+2
83667	1	M1:SYS_STATUS.voltage_battery	1.124200000000000e+4
83667	1	M1:SYS_STATUS.current_battery	9.400000000000000e+2
85271	1	M1:SYS_STATUS.voltage_battery	1.132900000000000e+4
85271	1	M1:SYS_STATUS.current_battery	9.460000000000000e+2
